GDRE Tools v0.9.0-beta.4
Windows 10.0.19045, NVIDIA GeForce RTX 2080 Ti, opengl3
Opening file: C:\Program Files (x86)\Steam\steamapps\common\Nodebuster\Nodebuster.exe
WARNING: Could not find embedded pck in EXE, found pck file, loading from: C:\Program Files (x86)\Steam\steamapps\common\Nodebuster\Nodebuster.exe
   at: GDRESettings::load_project (modules\gdsdecomp\utility\gdre_settings.cpp:586)
Guessing bytecode revision from engine version: 4.2.2 (rev 0x77af6ca)
Verified 645 files, no errors detected!
Extracted 645 files, no errors detected!
WARNING: Converting lossy imports, you may lose fidelity for indicated assets when re-importing upon loading the project
   at: ImportExporter::_export_imports (modules\gdsdecomp\utility\import_exporter.cpp:241)
Exporting resources in parallel...
Saved project config project.godot.


********************************EXPORT REPORT********************************

Totals:                                 
Decompiled scripts:                     0
Failed scripts:                         0
Imported resources for export session:  274
Successfully converted:                 274
Lossy:                                  0
Rewrote metadata:                       231
Non-importable conversions:             1
Not converted:                          0
Failed conversions:                     0
-------------

------

The following files were converted and saved to a non-original path, but did not have their import data rewritten.
These files will not be re-imported when loading the project.
res://.godot/imported/icon.svg-218a8f2b3041327d8a5756f3a245f83b.ctex to res://.assets/icon.png


------------------------------------------------------------------------------------

Use Godot editor version 4.2.2 to edit the project.
Note: the project may be using a custom version of Godot. Detection for this has not been implemented yet.
If you find that you have many non-import errors upon opening the project 
(i.e. scripts or shaders have many errors), use the original game's binary as the export template.

*******************************************************************************

